[2019-12-05 03:12:22.940] [exthost] [info] extension host started
[2019-12-05 03:12:22.966] [exthost] [info] ExtensionService#_doActivateExtension vscode.debug-auto-launch {"startup":true,"extensionId":{"value":"vscode.debug-auto-launch","_lower":"vscode.debug-auto-launch"},"activationEvent":"*"}
[2019-12-05 03:12:22.967] [exthost] [info] ExtensionService#loadCommonJSModule file:///snap/code/21/usr/share/code/resources/app/extensions/debug-auto-launch/dist/extension
[2019-12-05 03:12:22.977] [exthost] [info] ExtensionService#_doActivateExtension vscode.emmet {"startup":true,"extensionId":{"value":"vscode.emmet","_lower":"vscode.emmet"},"activationEvent":"*"}
[2019-12-05 03:12:22.977] [exthost] [info] ExtensionService#loadCommonJSModule file:///snap/code/21/usr/share/code/resources/app/extensions/emmet/dist/extension
[2019-12-05 03:12:23.012] [exthost] [info] ExtensionService#_doActivateExtension vscode.git {"startup":true,"extensionId":{"value":"vscode.git","_lower":"vscode.git"},"activationEvent":"*"}
[2019-12-05 03:12:23.012] [exthost] [info] ExtensionService#loadCommonJSModule file:///snap/code/21/usr/share/code/resources/app/extensions/git/dist/main
[2019-12-05 03:12:23.067] [exthost] [info] ExtensionService#_doActivateExtension vscode.merge-conflict {"startup":true,"extensionId":{"value":"vscode.merge-conflict","_lower":"vscode.merge-conflict"},"activationEvent":"*"}
[2019-12-05 03:12:23.067] [exthost] [info] ExtensionService#loadCommonJSModule file:///snap/code/21/usr/share/code/resources/app/extensions/merge-conflict/dist/extension
[2019-12-05 03:12:23.071] [exthost] [info] ExtensionService#_doActivateExtension Sophisticode.php-formatter {"startup":true,"extensionId":{"value":"Sophisticode.php-formatter","_lower":"sophisticode.php-formatter"},"activationEvent":"*"}
[2019-12-05 03:12:23.071] [exthost] [info] ExtensionService#loadCommonJSModule file:///home/oleg/.vscode/extensions/sophisticode.php-formatter-0.2.4/out/extension
[2019-12-05 03:12:23.077] [exthost] [info] ExtensionService#_doActivateExtension zhuangtongfa.material-theme {"startup":true,"extensionId":{"value":"zhuangtongfa.material-theme","_lower":"zhuangtongfa.material-theme"},"activationEvent":"*"}
[2019-12-05 03:12:23.077] [exthost] [info] ExtensionService#loadCommonJSModule file:///home/oleg/.vscode/extensions/zhuangtongfa.material-theme-3.2.0/out/extension.js
[2019-12-05 03:12:23.100] [exthost] [info] eager extensions activated
[2019-12-05 03:12:44.398] [exthost] [info] extension host started
[2019-12-05 03:12:44.451] [exthost] [info] ExtensionService#_doActivateExtension vscode.debug-auto-launch {"startup":true,"extensionId":{"value":"vscode.debug-auto-launch","_lower":"vscode.debug-auto-launch"},"activationEvent":"*"}
[2019-12-05 03:12:44.451] [exthost] [info] ExtensionService#loadCommonJSModule file:///snap/code/21/usr/share/code/resources/app/extensions/debug-auto-launch/dist/extension
[2019-12-05 03:12:44.454] [exthost] [info] ExtensionService#_doActivateExtension vscode.emmet {"startup":true,"extensionId":{"value":"vscode.emmet","_lower":"vscode.emmet"},"activationEvent":"*"}
[2019-12-05 03:12:44.455] [exthost] [info] ExtensionService#loadCommonJSModule file:///snap/code/21/usr/share/code/resources/app/extensions/emmet/dist/extension
[2019-12-05 03:12:44.469] [exthost] [info] ExtensionService#_doActivateExtension vscode.git {"startup":true,"extensionId":{"value":"vscode.git","_lower":"vscode.git"},"activationEvent":"*"}
[2019-12-05 03:12:44.470] [exthost] [info] ExtensionService#loadCommonJSModule file:///snap/code/21/usr/share/code/resources/app/extensions/git/dist/main
[2019-12-05 03:12:44.490] [exthost] [info] ExtensionService#_doActivateExtension vscode.merge-conflict {"startup":true,"extensionId":{"value":"vscode.merge-conflict","_lower":"vscode.merge-conflict"},"activationEvent":"*"}
[2019-12-05 03:12:44.490] [exthost] [info] ExtensionService#loadCommonJSModule file:///snap/code/21/usr/share/code/resources/app/extensions/merge-conflict/dist/extension
[2019-12-05 03:12:44.492] [exthost] [info] ExtensionService#_doActivateExtension Sophisticode.php-formatter {"startup":true,"extensionId":{"value":"Sophisticode.php-formatter","_lower":"sophisticode.php-formatter"},"activationEvent":"*"}
[2019-12-05 03:12:44.492] [exthost] [info] ExtensionService#loadCommonJSModule file:///home/oleg/.vscode/extensions/sophisticode.php-formatter-0.2.4/out/extension
[2019-12-05 03:12:44.497] [exthost] [info] ExtensionService#_doActivateExtension zhuangtongfa.material-theme {"startup":true,"extensionId":{"value":"zhuangtongfa.material-theme","_lower":"zhuangtongfa.material-theme"},"activationEvent":"*"}
[2019-12-05 03:12:44.497] [exthost] [info] ExtensionService#loadCommonJSModule file:///home/oleg/.vscode/extensions/zhuangtongfa.material-theme-3.2.0/out/extension.js
[2019-12-05 03:12:44.547] [exthost] [info] ExtensionService#_doActivateExtension vscode.npm {"startup":true,"extensionId":{"value":"vscode.npm","_lower":"vscode.npm"},"activationEvent":"workspaceContains:package.json"}
[2019-12-05 03:12:44.547] [exthost] [info] ExtensionService#loadCommonJSModule file:///snap/code/21/usr/share/code/resources/app/extensions/npm/dist/main
[2019-12-05 03:12:44.599] [exthost] [info] eager extensions activated
[2019-12-05 03:13:15.153] [exthost] [info] ExtensionService#_doActivateExtension vscode.typescript-language-features {"startup":false,"extensionId":{"value":"vscode.typescript-language-features","_lower":"vscode.typescript-language-features"},"activationEvent":"onLanguage:javascript"}
[2019-12-05 03:13:15.154] [exthost] [info] ExtensionService#loadCommonJSModule file:///snap/code/21/usr/share/code/resources/app/extensions/typescript-language-features/dist/extension
[2019-12-05 03:13:15.716] [exthost] [info] ExtensionService#_doActivateExtension octref.vetur {"startup":false,"extensionId":{"value":"octref.vetur","_lower":"octref.vetur"},"activationEvent":"onLanguage:vue"}
[2019-12-05 03:13:15.716] [exthost] [info] ExtensionService#loadCommonJSModule file:///home/oleg/.vscode/extensions/octref.vetur-0.22.6/dist/client/vueMain
[2019-12-05 03:13:36.539] [exthost] [info] ExtensionService#_doActivateExtension vscode.configuration-editing {"startup":false,"extensionId":{"value":"vscode.configuration-editing","_lower":"vscode.configuration-editing"},"activationEvent":"onLanguage:jsonc"}
[2019-12-05 03:13:36.539] [exthost] [info] ExtensionService#loadCommonJSModule file:///snap/code/21/usr/share/code/resources/app/extensions/configuration-editing/dist/extension
[2019-12-05 03:13:36.552] [exthost] [info] ExtensionService#_doActivateExtension vscode.json-language-features {"startup":false,"extensionId":{"value":"vscode.json-language-features","_lower":"vscode.json-language-features"},"activationEvent":"onLanguage:jsonc"}
[2019-12-05 03:13:36.553] [exthost] [info] ExtensionService#loadCommonJSModule file:///snap/code/21/usr/share/code/resources/app/extensions/json-language-features/client/dist/jsonMain
[2019-12-05 03:14:51.204] [exthost] [info] ExtensionService#_doActivateExtension vscode.extension-editing {"startup":false,"extensionId":{"value":"vscode.extension-editing","_lower":"vscode.extension-editing"},"activationEvent":"onLanguage:typescript"}
[2019-12-05 03:14:51.204] [exthost] [info] ExtensionService#loadCommonJSModule file:///snap/code/21/usr/share/code/resources/app/extensions/extension-editing/dist/extension
[2019-12-05 03:15:57.217] [exthost] [error] [octref.vetur] provider FAILED
[2019-12-05 03:15:57.281] [exthost] [error] Error: name must not be falsy
	at Function.validate (/snap/code/21/usr/share/code/resources/app/out/vs/workbench/services/extensions/node/extensionHostProcess.js:365:239)
	at new y (/snap/code/21/usr/share/code/resources/app/out/vs/workbench/services/extensions/node/extensionHostProcess.js:365:188)
	at new y (/snap/code/21/usr/share/code/resources/app/out/vs/workbench/services/extensions/node/extensionHostProcess.js:354:169)
	at asSymbolInformation (/home/oleg/.vscode/extensions/octref.vetur-0.22.6/node_modules/vscode-languageclient/lib/protocolConverter.js:411:22)
	at /home/oleg/.vscode/extensions/octref.vetur-0.22.6/node_modules/vscode-languageclient/lib/protocolConverter.js:400:42
	at Array.map (<anonymous>)
	at Object.asSymbolInformations (/home/oleg/.vscode/extensions/octref.vetur-0.22.6/node_modules/vscode-languageclient/lib/protocolConverter.js:400:23)
	at /home/oleg/.vscode/extensions/octref.vetur-0.22.6/node_modules/vscode-languageclient/lib/client.js:1005:62
[2019-12-05 03:18:19.828] [exthost] [info] ExtensionService#_doActivateExtension vscode.grunt {"startup":false,"extensionId":{"value":"vscode.grunt","_lower":"vscode.grunt"},"activationEvent":"onCommand:workbench.action.tasks.runTask"}
[2019-12-05 03:18:19.828] [exthost] [info] ExtensionService#loadCommonJSModule file:///snap/code/21/usr/share/code/resources/app/extensions/grunt/dist/main
[2019-12-05 03:18:19.858] [exthost] [info] ExtensionService#_doActivateExtension vscode.gulp {"startup":false,"extensionId":{"value":"vscode.gulp","_lower":"vscode.gulp"},"activationEvent":"onCommand:workbench.action.tasks.runTask"}
[2019-12-05 03:18:19.858] [exthost] [info] ExtensionService#loadCommonJSModule file:///snap/code/21/usr/share/code/resources/app/extensions/gulp/dist/main
[2019-12-05 03:18:19.868] [exthost] [info] ExtensionService#_doActivateExtension vscode.jake {"startup":false,"extensionId":{"value":"vscode.jake","_lower":"vscode.jake"},"activationEvent":"onCommand:workbench.action.tasks.runTask"}
[2019-12-05 03:18:19.868] [exthost] [info] ExtensionService#loadCommonJSModule file:///snap/code/21/usr/share/code/resources/app/extensions/jake/dist/main
[2019-12-05 03:37:24.454] [exthost] [info] extension host started
[2019-12-05 03:37:24.486] [exthost] [info] ExtensionService#_doActivateExtension vscode.debug-auto-launch {"startup":true,"extensionId":{"value":"vscode.debug-auto-launch","_lower":"vscode.debug-auto-launch"},"activationEvent":"*"}
[2019-12-05 03:37:24.486] [exthost] [info] ExtensionService#loadCommonJSModule file:///snap/code/21/usr/share/code/resources/app/extensions/debug-auto-launch/dist/extension
[2019-12-05 03:37:24.492] [exthost] [info] ExtensionService#_doActivateExtension vscode.emmet {"startup":true,"extensionId":{"value":"vscode.emmet","_lower":"vscode.emmet"},"activationEvent":"*"}
[2019-12-05 03:37:24.493] [exthost] [info] ExtensionService#loadCommonJSModule file:///snap/code/21/usr/share/code/resources/app/extensions/emmet/dist/extension
[2019-12-05 03:37:24.527] [exthost] [info] ExtensionService#_doActivateExtension vscode.git {"startup":true,"extensionId":{"value":"vscode.git","_lower":"vscode.git"},"activationEvent":"*"}
[2019-12-05 03:37:24.527] [exthost] [info] ExtensionService#loadCommonJSModule file:///snap/code/21/usr/share/code/resources/app/extensions/git/dist/main
[2019-12-05 03:37:24.596] [exthost] [info] ExtensionService#_doActivateExtension vscode.merge-conflict {"startup":true,"extensionId":{"value":"vscode.merge-conflict","_lower":"vscode.merge-conflict"},"activationEvent":"*"}
[2019-12-05 03:37:24.596] [exthost] [info] ExtensionService#loadCommonJSModule file:///snap/code/21/usr/share/code/resources/app/extensions/merge-conflict/dist/extension
[2019-12-05 03:37:24.625] [exthost] [info] ExtensionService#_doActivateExtension Sophisticode.php-formatter {"startup":true,"extensionId":{"value":"Sophisticode.php-formatter","_lower":"sophisticode.php-formatter"},"activationEvent":"*"}
[2019-12-05 03:37:24.625] [exthost] [info] ExtensionService#loadCommonJSModule file:///home/oleg/.vscode/extensions/sophisticode.php-formatter-0.2.4/out/extension
[2019-12-05 03:37:24.645] [exthost] [info] ExtensionService#_doActivateExtension zhuangtongfa.material-theme {"startup":true,"extensionId":{"value":"zhuangtongfa.material-theme","_lower":"zhuangtongfa.material-theme"},"activationEvent":"*"}
[2019-12-05 03:37:24.645] [exthost] [info] ExtensionService#loadCommonJSModule file:///home/oleg/.vscode/extensions/zhuangtongfa.material-theme-3.2.0/out/extension.js
[2019-12-05 03:37:24.717] [exthost] [info] eager extensions activated
[2019-12-05 03:38:15.835] [exthost] [info] ExtensionService#_doActivateExtension vscode.typescript-language-features {"startup":false,"extensionId":{"value":"vscode.typescript-language-features","_lower":"vscode.typescript-language-features"},"activationEvent":"onLanguage:javascript"}
[2019-12-05 03:38:15.836] [exthost] [info] ExtensionService#loadCommonJSModule file:///snap/code/21/usr/share/code/resources/app/extensions/typescript-language-features/dist/extension
[2019-12-05 03:38:31.791] [exthost] [info] ExtensionService#_doActivateExtension vscode.extension-editing {"startup":false,"extensionId":{"value":"vscode.extension-editing","_lower":"vscode.extension-editing"},"activationEvent":"onLanguage:typescript"}
[2019-12-05 03:38:31.792] [exthost] [info] ExtensionService#loadCommonJSModule file:///snap/code/21/usr/share/code/resources/app/extensions/extension-editing/dist/extension
[2019-12-05 03:39:08.597] [exthost] [info] ExtensionService#_doActivateExtension octref.vetur {"startup":false,"extensionId":{"value":"octref.vetur","_lower":"octref.vetur"},"activationEvent":"onLanguage:vue"}
[2019-12-05 03:39:08.597] [exthost] [info] ExtensionService#loadCommonJSModule file:///home/oleg/.vscode/extensions/octref.vetur-0.22.6/dist/client/vueMain
